<?xml version="1.0" encoding="UTF-8"?>
<testsuite xmlns:xsi="http://www.w3.org/2001/XMLSchema-instance" xsi:noNamespaceSchemaLocation="https://maven.apache.org/surefire/maven-surefire-plugin/xsd/surefire-test-report.xsd" version="3.0.2" name="pe.com.veterinaria.AppTests" time="6.594" tests="1" errors="0" skipped="0" failures="0">
  <properties>
[...]
</properties>
  <testcase name="contextLoads" classname="pe.com.veterinaria.AppTests" time="0.403">
    <system-out><![CDATA[19:41:58.705 [main] INFO org.springframework.test.context.support.AnnotationConfigContextLoaderUtils -- Could not detect default configuration classes for test class [pe.com.veterinaria.AppTests]: AppTests does not declare any static, non-private, non-final, nested classes annotated with @Configuration.
19:41:58.843 [main] INFO org.springframework.boot.test.context.SpringBootTestContextBootstrapper -- Found @SpringBootConfiguration pe.com.veterinaria.App for test class pe.com.veterinaria.AppTests

  .   ____          _            __ _ _
 /\\ / ___'_ __ _ _(_)_ __  __ _ \ \ \ \
( ( )\___ | '_ | '_| | '_ \/ _` | \ \ \ \
 \\/  ___)| |_)| | | | | || (_| |  ) ) ) )
  '  |____| .__|_| |_|_| |_\__, | / / / /
 =========|_|==============|___/=/_/_/_/

 :: Spring Boot ::                (v3.4.5)

2025-07-11T19:41:59.298-05:00  INFO 19820 --- [veterinaria] [           main] pe.com.veterinaria.AppTests              : Starting AppTests using Java 21.0.6 with PID 19820 (started by aml in C:\Users\aml\Documents\ex2\1inf13-ex2\backend)
2025-07-11T19:41:59.298-05:00  INFO 19820 --- [veterinaria] [           main] pe.com.veterinaria.AppTests              : No active profile set, falling back to 1 default profile: "default"
2025-07-11T19:41:59.930-05:00  INFO 19820 --- [veterinaria] [           main] .s.d.r.c.RepositoryConfigurationDelegate : Bootstrapping Spring Data JPA repositories in DEFAULT mode.
2025-07-11T19:41:59.993-05:00  INFO 19820 --- [veterinaria] [           main] .s.d.r.c.RepositoryConfigurationDelegate : Finished Spring Data repository scanning in 52 ms. Found 4 JPA repository interfaces.
2025-07-11T19:42:00.408-05:00  INFO 19820 --- [veterinaria] [           main] com.zaxxer.hikari.HikariDataSource       : HikariCP - Starting...
2025-07-11T19:42:01.976-05:00  INFO 19820 --- [veterinaria] [           main] com.zaxxer.hikari.pool.HikariPool        : HikariCP - Added connection com.mysql.cj.jdbc.ConnectionImpl@7fe8c7db
2025-07-11T19:42:01.976-05:00  INFO 19820 --- [veterinaria] [           main] com.zaxxer.hikari.HikariDataSource       : HikariCP - Start completed.
2025-07-11T19:42:02.025-05:00  INFO 19820 --- [veterinaria] [           main] o.hibernate.jpa.internal.util.LogHelper  : HHH000204: Processing PersistenceUnitInfo [name: default]
2025-07-11T19:42:02.059-05:00  INFO 19820 --- [veterinaria] [           main] org.hibernate.Version                    : HHH000412: Hibernate ORM core version 6.6.13.Final
2025-07-11T19:42:02.105-05:00  INFO 19820 --- [veterinaria] [           main] o.h.c.internal.RegionFactoryInitiator    : HHH000026: Second-level cache disabled
2025-07-11T19:42:02.410-05:00  INFO 19820 --- [veterinaria] [           main] o.s.o.j.p.SpringPersistenceUnitInfo      : No LoadTimeWeaver setup: ignoring JPA class transformer
2025-07-11T19:42:02.683-05:00  INFO 19820 --- [veterinaria] [           main] org.hibernate.orm.connections.pooling    : HHH10001005: Database info:
	Database JDBC URL [Connecting through datasource 'HikariDataSource (HikariCP)']
	Database driver: undefined/unknown
	Database version: 8.0.40
	Autocommit mode: undefined/unknown
	Isolation level: undefined/unknown
	Minimum pool size: undefined/unknown
	Maximum pool size: undefined/unknown
2025-07-11T19:42:03.500-05:00  INFO 19820 --- [veterinaria] [           main] o.h.e.t.j.p.i.JtaPlatformInitiator       : HHH000489: No JTA platform available (set 'hibernate.transaction.jta.platform' to enable JTA platform integration)
2025-07-11T19:42:03.500-05:00  INFO 19820 --- [veterinaria] [           main] j.LocalContainerEntityManagerFactoryBean : Initialized JPA EntityManagerFactory for persistence unit 'default'
2025-07-11T19:42:04.288-05:00  WARN 19820 --- [veterinaria] [           main] JpaBaseConfiguration$JpaWebConfiguration : spring.jpa.open-in-view is enabled by default. Therefore, database queries may be performed during view rendering. Explicitly configure spring.jpa.open-in-view to disable this warning
2025-07-11T19:42:04.699-05:00  INFO 19820 --- [veterinaria] [           main] pe.com.veterinaria.AppTests              : Started AppTests in 5.721 seconds (process running for 6.68)
]]></system-out>
    <system-err><![CDATA[Mockito is currently self-attaching to enable the inline-mock-maker. This will no longer work in future releases of the JDK. Please add Mockito as an agent to your build what is described in Mockito's documentation: https://javadoc.io/doc/org.mockito/mockito-core/latest/org/mockito/Mockito.html#0.3
WARNING: A Java agent has been loaded dynamically (C:\Users\aml\.m2\repository\net\bytebuddy\byte-buddy-agent\1.15.11\byte-buddy-agent-1.15.11.jar)
WARNING: If a serviceability tool is in use, please run with -XX:+EnableDynamicAgentLoading to hide this warning
WARNING: If a serviceability tool is not in use, please run with -Djdk.instrument.traceUsage for more information
WARNING: Dynamic loading of agents will be disallowed by default in a future release
]]></system-err>
  </testcase>
</testsuite>