{"C:\\Users\\Jeremi\\Documents\\Maestría\\2025-1\\1INF13\\Examen final\\1inf13-ex2\\serverless\\veterinaria\\packages\\funciones\\crear-cita\\src\\index.ts": {"path":"C:\\Users\\Jeremi\\Documents\\Maestría\\2025-1\\1INF13\\Examen final\\1inf13-ex2\\serverless\\veterinaria\\packages\\funciones\\crear-cita\\src\\index.ts","statementMap":{"0":{"start":{"line":27,"column":23},"end":{"line":84,"column":2}},"1":{"start":{"line":29,"column":19},"end":{"line":84,"column":2}},"2":{"start":{"line":30,"column":18},"end":{"line":30,"column":47}},"3":{"start":{"line":32,"column":2},"end":{"line":35,"column":3}},"4":{"start":{"line":33,"column":4},"end":{"line":33,"column":85}},"5":{"start":{"line":34,"column":4},"end":{"line":34,"column":11}},"6":{"start":{"line":37,"column":2},"end":{"line":37,"column":89}},"7":{"start":{"line":40,"column":19},"end":{"line":40,"column":31}},"8":{"start":{"line":41,"column":2},"end":{"line":44,"column":3}},"9":{"start":{"line":42,"column":4},"end":{"line":42,"column":78}},"10":{"start":{"line":43,"column":4},"end":{"line":43,"column":11}},"11":{"start":{"line":46,"column":2},"end":{"line":83,"column":3}},"12":{"start":{"line":48,"column":21},"end":{"line":59,"column":6}},"13":{"start":{"line":61,"column":4},"end":{"line":63,"column":5}},"14":{"start":{"line":62,"column":6},"end":{"line":62,"column":81}},"15":{"start":{"line":65,"column":43},"end":{"line":65,"column":64}},"16":{"start":{"line":66,"column":4},"end":{"line":72,"column":7}},"17":{"start":{"line":75,"column":4},"end":{"line":75,"column":87}},"18":{"start":{"line":78,"column":4},"end":{"line":78,"column":61}},"19":{"start":{"line":82,"column":4},"end":{"line":82,"column":16}},"20":{"start":{"line":27,"column":13},"end":{"line":27,"column":23}}},"fnMap":{"0":{"name":"(anonymous_7)","decl":{"start":{"line":27,"column":23},"end":{"line":27,"column":null}},"loc":{"start":{"line":29,"column":19},"end":{"line":84,"column":2}}},"1":{"name":"(anonymous_8)","decl":{"start":{"line":29,"column":19},"end":{"line":29,"column":null}},"loc":{"start":{"line":29,"column":19},"end":{"line":84,"column":1}}}},"branchMap":{"0":{"loc":{"start":{"line":32,"column":2},"end":{"line":35,"column":3}},"type":"if","locations":[{"start":{"line":32,"column":2},"end":{"line":35,"column":3}}]},"1":{"loc":{"start":{"line":41,"column":2},"end":{"line":44,"column":3}},"type":"if","locations":[{"start":{"line":41,"column":2},"end":{"line":44,"column":3}}]},"2":{"loc":{"start":{"line":41,"column":6},"end":{"line":41,"column":87}},"type":"binary-expr","locations":[{"start":{"line":41,"column":6},"end":{"line":41,"column":26}},{"start":{"line":41,"column":30},"end":{"line":41,"column":48}},{"start":{"line":41,"column":52},"end":{"line":41,"column":68}},{"start":{"line":41,"column":72},"end":{"line":41,"column":87}}]},"3":{"loc":{"start":{"line":61,"column":4},"end":{"line":63,"column":5}},"type":"if","locations":[{"start":{"line":61,"column":4},"end":{"line":63,"column":5}}]},"4":{"loc":{"start":{"line":68,"column":16},"end":{"line":68,"column":52}},"type":"binary-expr","locations":[{"start":{"line":68,"column":16},"end":{"line":68,"column":43}},{"start":{"line":68,"column":47},"end":{"line":68,"column":52}}]},"5":{"loc":{"start":{"line":68,"column":16},"end":{"line":68,"column":43}},"type":"cond-expr","locations":[{"start":{"line":68,"column":35},"end":{"line":68,"column":37}},{"start":{"line":68,"column":35},"end":{"line":68,"column":43}}]},"6":{"loc":{"start":{"line":68,"column":16},"end":{"line":68,"column":37}},"type":"binary-expr","locations":[{"start":{"line":68,"column":16},"end":{"line":68,"column":37}},{"start":{"line":68,"column":35},"end":{"line":68,"column":37}}]},"7":{"loc":{"start":{"line":69,"column":14},"end":{"line":69,"column":48}},"type":"binary-expr","locations":[{"start":{"line":69,"column":14},"end":{"line":69,"column":39}},{"start":{"line":69,"column":43},"end":{"line":69,"column":48}}]},"8":{"loc":{"start":{"line":69,"column":14},"end":{"line":69,"column":39}},"type":"cond-expr","locations":[{"start":{"line":69,"column":31},"end":{"line":69,"column":33}},{"start":{"line":69,"column":31},"end":{"line":69,"column":39}}]},"9":{"loc":{"start":{"line":69,"column":14},"end":{"line":69,"column":33}},"type":"binary-expr","locations":[{"start":{"line":69,"column":14},"end":{"line":69,"column":33}},{"start":{"line":69,"column":31},"end":{"line":69,"column":33}}]}},"s":{"0":1,"1":5,"2":5,"3":5,"4":1,"5":1,"6":4,"7":4,"8":4,"9":1,"10":1,"11":3,"12":3,"13":2,"14":1,"15":1,"16":1,"17":1,"18":2,"19":2,"20":1},"f":{"0":5,"1":5},"b":{"0":[1],"1":[1],"2":[4,4,3,3],"3":[1],"4":[1,0],"5":[0,1],"6":[1,1],"7":[1,0],"8":[0,1],"9":[1,1]}}
}
