TN:
SF:src\index.ts
FN:27,(anonymous_7)
FN:29,(anonymous_8)
FNF:2
FNH:2
FNDA:5,(anonymous_7)
FNDA:5,(anonymous_8)
DA:27,1
DA:29,5
DA:30,5
DA:32,5
DA:33,1
DA:34,1
DA:37,4
DA:40,4
DA:41,4
DA:42,1
DA:43,1
DA:46,3
DA:48,3
DA:61,2
DA:62,1
DA:65,1
DA:66,1
DA:75,1
DA:78,2
DA:82,2
LF:20
LH:20
BRDA:32,0,0,1
BRDA:41,1,0,1
BRDA:41,2,0,4
BRDA:41,2,1,4
BRDA:41,2,2,3
BRDA:41,2,3,3
BRDA:61,3,0,1
BRDA:68,4,0,1
BRDA:68,4,1,0
BRDA:68,5,0,0
BRDA:68,5,1,1
BRDA:68,6,0,1
BRDA:68,6,1,1
BRDA:69,7,0,1
BRDA:69,7,1,0
BRDA:69,8,0,0
BRDA:69,8,1,1
BRDA:69,9,0,1
BRDA:69,9,1,1
BRF:19
BRH:15
end_of_record
