<?xml version="1.0" encoding="UTF-8"?>
<coverage generated="1752259688941" clover="3.2.0">
  <project timestamp="1752259688941" name="All files">
    <metrics statements="51" coveredstatements="49" conditionals="20" coveredconditionals="18" methods="2" coveredmethods="2" elements="73" coveredelements="69" complexity="0" loc="51" ncloc="51" packages="1" files="1" classes="1"/>
    <file name="index.ts" path="C:\Users\Jeremi\Documents\Maestría\2025-1\1INF13\Examen final\1inf13-ex2\serverless\veterinaria\packages\funciones\procesar-pacientes\src\index.ts">
      <metrics statements="51" coveredstatements="49" conditionals="20" coveredconditionals="18" methods="2" coveredmethods="2"/>
      <line num="31" count="2" type="stmt"/>
      <line num="33" count="20" type="stmt"/>
      <line num="34" count="20" type="stmt"/>
      <line num="36" count="20" type="cond" truecount="1" falsecount="0"/>
      <line num="37" count="2" type="stmt"/>
      <line num="38" count="2" type="stmt"/>
      <line num="41" count="18" type="stmt"/>
      <line num="44" count="18" type="stmt"/>
      <line num="45" count="18" type="cond" truecount="3" falsecount="0"/>
      <line num="46" count="2" type="stmt"/>
      <line num="47" count="2" type="stmt"/>
      <line num="50" count="16" type="stmt"/>
      <line num="52" count="16" type="stmt"/>
      <line num="59" count="16" type="cond" truecount="1" falsecount="0"/>
      <line num="60" count="2" type="stmt"/>
      <line num="63" count="14" type="stmt"/>
      <line num="64" count="14" type="stmt"/>
      <line num="72" count="14" type="stmt"/>
      <line num="74" count="14" type="cond" truecount="5" falsecount="0"/>
      <line num="76" count="6" type="cond" truecount="1" falsecount="0"/>
      <line num="77" count="2" type="stmt"/>
      <line num="79" count="4" type="stmt"/>
      <line num="83" count="4" type="stmt"/>
      <line num="86" count="2" type="cond" truecount="0" falsecount="1"/>
      <line num="87" count="0" type="stmt"/>
      <line num="89" count="2" type="stmt"/>
      <line num="93" count="2" type="stmt"/>
      <line num="96" count="2" type="cond" truecount="0" falsecount="1"/>
      <line num="97" count="0" type="stmt"/>
      <line num="99" count="2" type="stmt"/>
      <line num="103" count="2" type="stmt"/>
      <line num="106" count="2" type="stmt"/>
      <line num="110" count="2" type="stmt"/>
      <line num="113" count="2" type="stmt"/>
      <line num="117" count="10" type="stmt"/>
      <line num="125" count="10" type="cond" truecount="1" falsecount="0"/>
      <line num="126" count="2" type="stmt"/>
      <line num="129" count="8" type="stmt"/>
      <line num="130" count="8" type="stmt"/>
      <line num="140" count="8" type="cond" truecount="4" falsecount="0"/>
      <line num="142" count="2" type="stmt"/>
      <line num="143" count="2" type="stmt"/>
      <line num="145" count="2" type="stmt"/>
      <line num="146" count="2" type="stmt"/>
      <line num="148" count="2" type="stmt"/>
      <line num="149" count="2" type="stmt"/>
      <line num="151" count="2" type="stmt"/>
      <line num="152" count="2" type="stmt"/>
      <line num="156" count="8" type="stmt"/>
      <line num="157" count="8" type="stmt"/>
      <line num="165" count="8" type="stmt"/>
    </file>
  </project>
</coverage>
