{"C:\\Users\\Jeremi\\Documents\\Maestría\\2025-1\\1INF13\\Examen final\\1inf13-ex2\\serverless\\veterinaria\\packages\\funciones\\procesar-pacientes\\src\\index.ts": {"path":"C:\\Users\\Jeremi\\Documents\\Maestría\\2025-1\\1INF13\\Examen final\\1inf13-ex2\\serverless\\veterinaria\\packages\\funciones\\procesar-pacientes\\src\\index.ts","statementMap":{"0":{"start":{"line":31,"column":23},"end":{"line":167,"column":2}},"1":{"start":{"line":33,"column":19},"end":{"line":167,"column":2}},"2":{"start":{"line":34,"column":18},"end":{"line":34,"column":47}},"3":{"start":{"line":36,"column":2},"end":{"line":39,"column":3}},"4":{"start":{"line":37,"column":4},"end":{"line":37,"column":85}},"5":{"start":{"line":38,"column":4},"end":{"line":38,"column":11}},"6":{"start":{"line":41,"column":2},"end":{"line":41,"column":89}},"7":{"start":{"line":44,"column":23},"end":{"line":44,"column":35}},"8":{"start":{"line":45,"column":2},"end":{"line":48,"column":3}},"9":{"start":{"line":46,"column":4},"end":{"line":46,"column":82}},"10":{"start":{"line":47,"column":4},"end":{"line":47,"column":11}},"11":{"start":{"line":50,"column":2},"end":{"line":166,"column":3}},"12":{"start":{"line":52,"column":29},"end":{"line":57,"column":6}},"13":{"start":{"line":59,"column":4},"end":{"line":61,"column":5}},"14":{"start":{"line":60,"column":6},"end":{"line":60,"column":112}},"15":{"start":{"line":63,"column":45},"end":{"line":63,"column":74}},"16":{"start":{"line":64,"column":4},"end":{"line":69,"column":7}},"17":{"start":{"line":72,"column":56},"end":{"line":72,"column":58}},"18":{"start":{"line":74,"column":4},"end":{"line":114,"column":5}},"19":{"start":{"line":76,"column":8},"end":{"line":78,"column":9}},"20":{"start":{"line":77,"column":10},"end":{"line":77,"column":94}},"21":{"start":{"line":79,"column":8},"end":{"line":82,"column":10}},"22":{"start":{"line":83,"column":8},"end":{"line":83,"column":14}},"23":{"start":{"line":86,"column":8},"end":{"line":88,"column":9}},"24":{"start":{"line":87,"column":10},"end":{"line":87,"column":92}},"25":{"start":{"line":89,"column":8},"end":{"line":92,"column":10}},"26":{"start":{"line":93,"column":8},"end":{"line":93,"column":14}},"27":{"start":{"line":96,"column":8},"end":{"line":98,"column":9}},"28":{"start":{"line":97,"column":10},"end":{"line":97,"column":104}},"29":{"start":{"line":99,"column":8},"end":{"line":102,"column":10}},"30":{"start":{"line":103,"column":8},"end":{"line":103,"column":14}},"31":{"start":{"line":106,"column":8},"end":{"line":109,"column":10}},"32":{"start":{"line":110,"column":8},"end":{"line":110,"column":14}},"33":{"start":{"line":113,"column":8},"end":{"line":113,"column":72}},"34":{"start":{"line":117,"column":27},"end":{"line":123,"column":6}},"35":{"start":{"line":125,"column":4},"end":{"line":127,"column":5}},"36":{"start":{"line":126,"column":6},"end":{"line":126,"column":93}},"37":{"start":{"line":129,"column":50},"end":{"line":129,"column":77}},"38":{"start":{"line":130,"column":4},"end":{"line":137,"column":7}},"39":{"start":{"line":140,"column":4},"end":{"line":153,"column":5}},"40":{"start":{"line":142,"column":8},"end":{"line":142,"column":146}},"41":{"start":{"line":143,"column":8},"end":{"line":143,"column":14}},"42":{"start":{"line":145,"column":8},"end":{"line":145,"column":116}},"43":{"start":{"line":146,"column":8},"end":{"line":146,"column":14}},"44":{"start":{"line":148,"column":8},"end":{"line":148,"column":118}},"45":{"start":{"line":149,"column":8},"end":{"line":149,"column":14}},"46":{"start":{"line":151,"column":8},"end":{"line":151,"column":88}},"47":{"start":{"line":152,"column":8},"end":{"line":152,"column":14}},"48":{"start":{"line":156,"column":4},"end":{"line":156,"column":59}},"49":{"start":{"line":157,"column":4},"end":{"line":161,"column":7}},"50":{"start":{"line":165,"column":4},"end":{"line":165,"column":16}},"51":{"start":{"line":31,"column":13},"end":{"line":31,"column":23}}},"fnMap":{"0":{"name":"(anonymous_7)","decl":{"start":{"line":31,"column":23},"end":{"line":31,"column":null}},"loc":{"start":{"line":33,"column":19},"end":{"line":167,"column":2}}},"1":{"name":"(anonymous_8)","decl":{"start":{"line":33,"column":19},"end":{"line":33,"column":null}},"loc":{"start":{"line":33,"column":19},"end":{"line":167,"column":1}}}},"branchMap":{"0":{"loc":{"start":{"line":36,"column":2},"end":{"line":39,"column":3}},"type":"if","locations":[{"start":{"line":36,"column":2},"end":{"line":39,"column":3}}]},"1":{"loc":{"start":{"line":45,"column":2},"end":{"line":48,"column":3}},"type":"if","locations":[{"start":{"line":45,"column":2},"end":{"line":48,"column":3}}]},"2":{"loc":{"start":{"line":45,"column":6},"end":{"line":45,"column":54}},"type":"binary-expr","locations":[{"start":{"line":45,"column":6},"end":{"line":45,"column":30}},{"start":{"line":45,"column":34},"end":{"line":45,"column":54}}]},"3":{"loc":{"start":{"line":59,"column":4},"end":{"line":61,"column":5}},"type":"if","locations":[{"start":{"line":59,"column":4},"end":{"line":61,"column":5}}]},"4":{"loc":{"start":{"line":74,"column":4},"end":{"line":114,"column":5}},"type":"switch","locations":[{"start":{"line":75,"column":6},"end":{"line":83,"column":14}},{"start":{"line":85,"column":6},"end":{"line":93,"column":14}},{"start":{"line":95,"column":6},"end":{"line":103,"column":14}},{"start":{"line":105,"column":6},"end":{"line":110,"column":14}},{"start":{"line":112,"column":6},"end":{"line":113,"column":72}}]},"5":{"loc":{"start":{"line":76,"column":8},"end":{"line":78,"column":9}},"type":"if","locations":[{"start":{"line":76,"column":8},"end":{"line":78,"column":9}}]},"6":{"loc":{"start":{"line":86,"column":8},"end":{"line":88,"column":9}},"type":"if","locations":[{"start":{"line":86,"column":8},"end":{"line":88,"column":9}}]},"7":{"loc":{"start":{"line":96,"column":8},"end":{"line":98,"column":9}},"type":"if","locations":[{"start":{"line":96,"column":8},"end":{"line":98,"column":9}}]},"8":{"loc":{"start":{"line":125,"column":4},"end":{"line":127,"column":5}},"type":"if","locations":[{"start":{"line":125,"column":4},"end":{"line":127,"column":5}}]},"9":{"loc":{"start":{"line":136,"column":21},"end":{"line":136,"column":70}},"type":"binary-expr","locations":[{"start":{"line":136,"column":21},"end":{"line":136,"column":47}},{"start":{"line":136,"column":51},"end":{"line":136,"column":70}}]},"10":{"loc":{"start":{"line":140,"column":4},"end":{"line":153,"column":5}},"type":"switch","locations":[{"start":{"line":141,"column":6},"end":{"line":143,"column":14}},{"start":{"line":144,"column":6},"end":{"line":146,"column":14}},{"start":{"line":147,"column":6},"end":{"line":149,"column":14}},{"start":{"line":150,"column":6},"end":{"line":152,"column":14}}]}},"s":{"0":2,"1":20,"2":20,"3":20,"4":2,"5":2,"6":18,"7":18,"8":18,"9":2,"10":2,"11":16,"12":16,"13":16,"14":2,"15":14,"16":14,"17":14,"18":14,"19":6,"20":2,"21":4,"22":4,"23":2,"24":0,"25":2,"26":2,"27":2,"28":0,"29":2,"30":2,"31":2,"32":2,"33":2,"34":10,"35":10,"36":2,"37":8,"38":8,"39":8,"40":2,"41":2,"42":2,"43":2,"44":2,"45":2,"46":2,"47":2,"48":8,"49":8,"50":8,"51":2},"f":{"0":20,"1":20},"b":{"0":[2],"1":[2],"2":[18,18],"3":[2],"4":[6,2,2,2,2],"5":[2],"6":[0],"7":[0],"8":[2],"9":[8,6],"10":[2,2,2,2]}}
}
