TN:
SF:src\index.ts
FN:31,(anonymous_7)
FN:33,(anonymous_8)
FNF:2
FNH:2
FNDA:20,(anonymous_7)
FNDA:20,(anonymous_8)
DA:31,2
DA:33,20
DA:34,20
DA:36,20
DA:37,2
DA:38,2
DA:41,18
DA:44,18
DA:45,18
DA:46,2
DA:47,2
DA:50,16
DA:52,16
DA:59,16
DA:60,2
DA:63,14
DA:64,14
DA:72,14
DA:74,14
DA:76,6
DA:77,2
DA:79,4
DA:83,4
DA:86,2
DA:87,0
DA:89,2
DA:93,2
DA:96,2
DA:97,0
DA:99,2
DA:103,2
DA:106,2
DA:110,2
DA:113,2
DA:117,10
DA:125,10
DA:126,2
DA:129,8
DA:130,8
DA:140,8
DA:142,2
DA:143,2
DA:145,2
DA:146,2
DA:148,2
DA:149,2
DA:151,2
DA:152,2
DA:156,8
DA:157,8
DA:165,8
LF:51
LH:49
BRDA:36,0,0,2
BRDA:45,1,0,2
BRDA:45,2,0,18
BRDA:45,2,1,18
BRDA:59,3,0,2
BRDA:74,4,0,6
BRDA:74,4,1,2
BRDA:74,4,2,2
BRDA:74,4,3,2
BRDA:74,4,4,2
BRDA:76,5,0,2
BRDA:86,6,0,0
BRDA:96,7,0,0
BRDA:125,8,0,2
BRDA:136,9,0,8
BRDA:136,9,1,6
BRDA:140,10,0,2
BRDA:140,10,1,2
BRDA:140,10,2,2
BRDA:140,10,3,2
BRF:20
BRH:18
end_of_record
